{"/home/martin/coding_projects/PersonaHub/src/core/config.ts": {"path":"/home/martin/coding_projects/PersonaHub/src/core/config.ts","statementMap":{"0":{"start":{"line":29,"column":0},"end":{"line":29,"column":16}},"1":{"start":{"line":48,"column":0},"end":{"line":48,"column":16}},"2":{"start":{"line":56,"column":0},"end":{"line":56,"column":16}},"3":{"start":{"line":79,"column":0},"end":{"line":79,"column":16}},"4":{"start":{"line":1,"column":0},"end":{"line":1,"column":25}},"5":{"start":{"line":2,"column":0},"end":{"line":2,"column":29}},"6":{"start":{"line":11,"column":13},"end":{"line":27,"column":2}},"7":{"start":{"line":30,"column":2},"end":{"line":32,"column":3}},"8":{"start":{"line":31,"column":4},"end":{"line":31,"column":60}},"9":{"start":{"line":34,"column":18},"end":{"line":34,"column":54}},"10":{"start":{"line":36,"column":2},"end":{"line":45,"column":3}},"11":{"start":{"line":37,"column":19},"end":{"line":37,"column":48}},"12":{"start":{"line":38,"column":4},"end":{"line":38,"column":27}},"13":{"start":{"line":39,"column":4},"end":{"line":39,"column":18}},"14":{"start":{"line":41,"column":4},"end":{"line":43,"column":5}},"15":{"start":{"line":42,"column":6},"end":{"line":42,"column":66}},"16":{"start":{"line":44,"column":4},"end":{"line":44,"column":16}},"17":{"start":{"line":49,"column":14},"end":{"line":49,"column":38}},"18":{"start":{"line":50,"column":2},"end":{"line":52,"column":3}},"19":{"start":{"line":51,"column":4},"end":{"line":51,"column":43}},"20":{"start":{"line":53,"column":2},"end":{"line":53,"column":71}},"21":{"start":{"line":57,"column":2},"end":{"line":59,"column":3}},"22":{"start":{"line":58,"column":4},"end":{"line":58,"column":65}},"23":{"start":{"line":61,"column":2},"end":{"line":63,"column":3}},"24":{"start":{"line":62,"column":4},"end":{"line":62,"column":57}},"25":{"start":{"line":65,"column":2},"end":{"line":67,"column":3}},"26":{"start":{"line":66,"column":4},"end":{"line":66,"column":57}},"27":{"start":{"line":69,"column":2},"end":{"line":71,"column":3}},"28":{"start":{"line":70,"column":4},"end":{"line":70,"column":61}},"29":{"start":{"line":74,"column":2},"end":{"line":76,"column":3}},"30":{"start":{"line":74,"column":32},"end":{"line":74,"column":57}},"31":{"start":{"line":75,"column":4},"end":{"line":75,"column":42}},"32":{"start":{"line":80,"column":2},"end":{"line":80,"column":58}}},"fnMap":{"0":{"name":"loadConfig","decl":{"start":{"line":29,"column":16},"end":{"line":29,"column":26}},"loc":{"start":{"line":29,"column":45},"end":{"line":46,"column":1}}},"1":{"name":"saveConfig","decl":{"start":{"line":48,"column":16},"end":{"line":48,"column":26}},"loc":{"start":{"line":48,"column":61},"end":{"line":54,"column":1}}},"2":{"name":"validateConfig","decl":{"start":{"line":56,"column":16},"end":{"line":56,"column":30}},"loc":{"start":{"line":56,"column":45},"end":{"line":77,"column":1}}},"3":{"name":"(anonymous_12)","decl":{"start":{"line":74,"column":27},"end":{"line":74,"column":28}},"loc":{"start":{"line":74,"column":32},"end":{"line":74,"column":57}}},"4":{"name":"getConfigPath","decl":{"start":{"line":79,"column":16},"end":{"line":79,"column":29}},"loc":{"start":{"line":79,"column":45},"end":{"line":81,"column":1}}}},"branchMap":{"0":{"loc":{"start":{"line":30,"column":2},"end":{"line":32,"column":3}},"type":"if","locations":[{"start":{"line":30,"column":2},"end":{"line":32,"column":3}},{"start":{},"end":{}}]},"1":{"loc":{"start":{"line":41,"column":4},"end":{"line":43,"column":5}},"type":"if","locations":[{"start":{"line":41,"column":4},"end":{"line":43,"column":5}},{"start":{},"end":{}}]},"2":{"loc":{"start":{"line":50,"column":2},"end":{"line":52,"column":3}},"type":"if","locations":[{"start":{"line":50,"column":2},"end":{"line":52,"column":3}},{"start":{},"end":{}}]},"3":{"loc":{"start":{"line":57,"column":2},"end":{"line":59,"column":3}},"type":"if","locations":[{"start":{"line":57,"column":2},"end":{"line":59,"column":3}},{"start":{},"end":{}}]},"4":{"loc":{"start":{"line":61,"column":2},"end":{"line":63,"column":3}},"type":"if","locations":[{"start":{"line":61,"column":2},"end":{"line":63,"column":3}},{"start":{},"end":{}}]},"5":{"loc":{"start":{"line":65,"column":2},"end":{"line":67,"column":3}},"type":"if","locations":[{"start":{"line":65,"column":2},"end":{"line":67,"column":3}},{"start":{},"end":{}}]},"6":{"loc":{"start":{"line":69,"column":2},"end":{"line":71,"column":3}},"type":"if","locations":[{"start":{"line":69,"column":2},"end":{"line":71,"column":3}},{"start":{},"end":{}}]},"7":{"loc":{"start":{"line":74,"column":2},"end":{"line":76,"column":3}},"type":"if","locations":[{"start":{"line":74,"column":2},"end":{"line":76,"column":3}},{"start":{},"end":{}}]}},"s":{"0":2,"1":2,"2":2,"3":2,"4":2,"5":2,"6":2,"7":3,"8":1,"9":2,"10":2,"11":2,"12":1,"13":1,"14":1,"15":1,"16":0,"17":4,"18":4,"19":1,"20":4,"21":7,"22":1,"23":6,"24":1,"25":5,"26":1,"27":4,"28":1,"29":3,"30":2,"31":1,"32":1},"f":{"0":3,"1":4,"2":7,"3":2,"4":1},"b":{"0":[1,2],"1":[1,0],"2":[1,3],"3":[1,6],"4":[1,5],"5":[1,4],"6":[1,3],"7":[1,2]}}
,"/home/martin/coding_projects/PersonaHub/src/storage/database.ts": {"path":"/home/martin/coding_projects/PersonaHub/src/storage/database.ts","statementMap":{"0":{"start":{"line":1,"column":0},"end":{"line":1,"column":62}},"1":{"start":{"line":2,"column":0},"end":{"line":2,"column":25}},"2":{"start":{"line":3,"column":0},"end":{"line":3,"column":29}},"3":{"start":{"line":45,"column":4},"end":{"line":45,"column":25}},"4":{"start":{"line":46,"column":4},"end":{"line":46,"column":35}},"5":{"start":{"line":50,"column":16},"end":{"line":50,"column":33}},"6":{"start":{"line":53,"column":4},"end":{"line":58,"column":5}},"7":{"start":{"line":54,"column":21},"end":{"line":54,"column":49}},"8":{"start":{"line":55,"column":6},"end":{"line":55,"column":41}},"9":{"start":{"line":57,"column":6},"end":{"line":57,"column":35}},"10":{"start":{"line":60,"column":4},"end":{"line":60,"column":19}},"11":{"start":{"line":61,"column":4},"end":{"line":61,"column":26}},"12":{"start":{"line":65,"column":4},"end":{"line":65,"column":27}},"13":{"start":{"line":69,"column":19},"end":{"line":98,"column":6}},"14":{"start":{"line":100,"column":4},"end":{"line":100,"column":24}},"15":{"start":{"line":101,"column":4},"end":{"line":101,"column":16}},"16":{"start":{"line":105,"column":19},"end":{"line":105,"column":57}},"17":{"start":{"line":106,"column":4},"end":{"line":108,"column":5}},"18":{"start":{"line":107,"column":6},"end":{"line":107,"column":57}},"19":{"start":{"line":112,"column":17},"end":{"line":112,"column":33}},"20":{"start":{"line":113,"column":19},"end":{"line":113,"column":36}},"21":{"start":{"line":114,"column":16},"end":{"line":114,"column":41}},"22":{"start":{"line":115,"column":4},"end":{"line":117,"column":5}},"23":{"start":{"line":116,"column":6},"end":{"line":116,"column":45}},"24":{"start":{"line":118,"column":4},"end":{"line":118,"column":42}},"25":{"start":{"line":122,"column":4},"end":{"line":132,"column":7}},"26":{"start":{"line":134,"column":19},"end":{"line":134,"column":67}},"27":{"start":{"line":135,"column":15},"end":{"line":135,"column":47}},"28":{"start":{"line":136,"column":4},"end":{"line":136,"column":16}},"29":{"start":{"line":137,"column":4},"end":{"line":137,"column":14}},"30":{"start":{"line":141,"column":4},"end":{"line":146,"column":5}},"31":{"start":{"line":142,"column":6},"end":{"line":145,"column":56}},"32":{"start":{"line":147,"column":4},"end":{"line":147,"column":16}},"33":{"start":{"line":151,"column":4},"end":{"line":151,"column":39}},"34":{"start":{"line":151,"column":29},"end":{"line":151,"column":39}},"35":{"start":{"line":152,"column":20},"end":{"line":152,"column":37}},"36":{"start":{"line":153,"column":4},"end":{"line":159,"column":7}},"37":{"start":{"line":154,"column":23},"end":{"line":154,"column":25}},"38":{"start":{"line":155,"column":6},"end":{"line":157,"column":9}},"39":{"start":{"line":156,"column":8},"end":{"line":156,"column":26}},"40":{"start":{"line":158,"column":6},"end":{"line":158,"column":22}},"41":{"start":{"line":163,"column":14},"end":{"line":163,"column":73}},"42":{"start":{"line":164,"column":4},"end":{"line":166,"column":5}},"43":{"start":{"line":165,"column":6},"end":{"line":165,"column":31}},"44":{"start":{"line":167,"column":19},"end":{"line":167,"column":36}},"45":{"start":{"line":168,"column":4},"end":{"line":168,"column":51}},"46":{"start":{"line":172,"column":19},"end":{"line":172,"column":77}},"47":{"start":{"line":173,"column":17},"end":{"line":173,"column":56}},"48":{"start":{"line":174,"column":4},"end":{"line":174,"column":19}},"49":{"start":{"line":178,"column":19},"end":{"line":178,"column":81}},"50":{"start":{"line":179,"column":17},"end":{"line":179,"column":56}},"51":{"start":{"line":180,"column":4},"end":{"line":180,"column":19}},"52":{"start":{"line":184,"column":19},"end":{"line":184,"column":99}},"53":{"start":{"line":185,"column":4},"end":{"line":185,"column":55}},"54":{"start":{"line":189,"column":19},"end":{"line":189,"column":100}},"55":{"start":{"line":190,"column":17},"end":{"line":190,"column":56}},"56":{"start":{"line":191,"column":4},"end":{"line":191,"column":19}},"57":{"start":{"line":195,"column":4},"end":{"line":195,"column":60}},"58":{"start":{"line":196,"column":4},"end":{"line":196,"column":16}},"59":{"start":{"line":200,"column":19},"end":{"line":200,"column":74}},"60":{"start":{"line":201,"column":4},"end":{"line":201,"column":38}},"61":{"start":{"line":201,"column":29},"end":{"line":201,"column":38}},"62":{"start":{"line":202,"column":4},"end":{"line":202,"column":44}},"63":{"start":{"line":206,"column":4},"end":{"line":206,"column":16}},"64":{"start":{"line":207,"column":4},"end":{"line":207,"column":20}},"65":{"start":{"line":39,"column":0},"end":{"line":39,"column":13}}},"fnMap":{"0":{"name":"(anonymous_10)","decl":{"start":{"line":44,"column":2},"end":{"line":44,"column":14}},"loc":{"start":{"line":44,"column":28},"end":{"line":47,"column":3}}},"1":{"name":"(anonymous_11)","decl":{"start":{"line":49,"column":10},"end":{"line":49,"column":15}},"loc":{"start":{"line":49,"column":20},"end":{"line":62,"column":3}}},"2":{"name":"(anonymous_12)","decl":{"start":{"line":64,"column":2},"end":{"line":64,"column":7}},"loc":{"start":{"line":64,"column":13},"end":{"line":66,"column":3}}},"3":{"name":"(anonymous_13)","decl":{"start":{"line":68,"column":10},"end":{"line":68,"column":17}},"loc":{"start":{"line":68,"column":17},"end":{"line":102,"column":3}}},"4":{"name":"(anonymous_14)","decl":{"start":{"line":104,"column":10},"end":{"line":104,"column":24}},"loc":{"start":{"line":104,"column":24},"end":{"line":109,"column":3}}},"5":{"name":"(anonymous_15)","decl":{"start":{"line":111,"column":10},"end":{"line":111,"column":14}},"loc":{"start":{"line":111,"column":14},"end":{"line":119,"column":3}}},"6":{"name":"(anonymous_16)","decl":{"start":{"line":121,"column":2},"end":{"line":121,"column":16}},"loc":{"start":{"line":121,"column":37},"end":{"line":138,"column":3}}},"7":{"name":"(anonymous_17)","decl":{"start":{"line":140,"column":2},"end":{"line":140,"column":13}},"loc":{"start":{"line":140,"column":53},"end":{"line":148,"column":3}}},"8":{"name":"(anonymous_18)","decl":{"start":{"line":150,"column":10},"end":{"line":150,"column":23}},"loc":{"start":{"line":150,"column":40},"end":{"line":160,"column":3}}},"9":{"name":"(anonymous_19)","decl":{"start":{"line":153,"column":32},"end":{"line":153,"column":33}},"loc":{"start":{"line":153,"column":47},"end":{"line":159,"column":5}}},"10":{"name":"(anonymous_20)","decl":{"start":{"line":155,"column":22},"end":{"line":155,"column":23}},"loc":{"start":{"line":155,"column":49},"end":{"line":157,"column":7}}},"11":{"name":"(anonymous_21)","decl":{"start":{"line":162,"column":2},"end":{"line":162,"column":14}},"loc":{"start":{"line":162,"column":29},"end":{"line":169,"column":3}}},"12":{"name":"(anonymous_22)","decl":{"start":{"line":171,"column":2},"end":{"line":171,"column":17}},"loc":{"start":{"line":171,"column":28},"end":{"line":175,"column":3}}},"13":{"name":"(anonymous_23)","decl":{"start":{"line":177,"column":2},"end":{"line":177,"column":19}},"loc":{"start":{"line":177,"column":32},"end":{"line":181,"column":3}}},"14":{"name":"(anonymous_24)","decl":{"start":{"line":183,"column":2},"end":{"line":183,"column":21}},"loc":{"start":{"line":183,"column":40},"end":{"line":186,"column":3}}},"15":{"name":"(anonymous_25)","decl":{"start":{"line":188,"column":2},"end":{"line":188,"column":19}},"loc":{"start":{"line":188,"column":19},"end":{"line":192,"column":3}}},"16":{"name":"(anonymous_26)","decl":{"start":{"line":194,"column":2},"end":{"line":194,"column":16}},"loc":{"start":{"line":194,"column":27},"end":{"line":197,"column":3}}},"17":{"name":"(anonymous_27)","decl":{"start":{"line":199,"column":2},"end":{"line":199,"column":18}},"loc":{"start":{"line":199,"column":18},"end":{"line":203,"column":3}}},"18":{"name":"(anonymous_28)","decl":{"start":{"line":205,"column":2},"end":{"line":205,"column":7}},"loc":{"start":{"line":205,"column":7},"end":{"line":208,"column":3}}}},"branchMap":{"0":{"loc":{"start":{"line":53,"column":4},"end":{"line":58,"column":5}},"type":"if","locations":[{"start":{"line":53,"column":4},"end":{"line":58,"column":5}},{"start":{"line":56,"column":11},"end":{"line":58,"column":5}}]},"1":{"loc":{"start":{"line":106,"column":4},"end":{"line":108,"column":5}},"type":"if","locations":[{"start":{"line":106,"column":4},"end":{"line":108,"column":5}},{"start":{},"end":{}}]},"2":{"loc":{"start":{"line":106,"column":8},"end":{"line":106,"column":60}},"type":"binary-expr","locations":[{"start":{"line":106,"column":8},"end":{"line":106,"column":25}},{"start":{"line":106,"column":29},"end":{"line":106,"column":60}}]},"3":{"loc":{"start":{"line":115,"column":4},"end":{"line":117,"column":5}},"type":"if","locations":[{"start":{"line":115,"column":4},"end":{"line":117,"column":5}},{"start":{},"end":{}}]},"4":{"loc":{"start":{"line":130,"column":6},"end":{"line":130,"column":26}},"type":"cond-expr","locations":[{"start":{"line":130,"column":21},"end":{"line":130,"column":22}},{"start":{"line":130,"column":25},"end":{"line":130,"column":26}}]},"5":{"loc":{"start":{"line":131,"column":6},"end":{"line":131,"column":36}},"type":"cond-expr","locations":[{"start":{"line":131,"column":31},"end":{"line":131,"column":32}},{"start":{"line":131,"column":35},"end":{"line":131,"column":36}}]},"6":{"loc":{"start":{"line":151,"column":4},"end":{"line":151,"column":39}},"type":"if","locations":[{"start":{"line":151,"column":4},"end":{"line":151,"column":39}},{"start":{},"end":{}}]},"7":{"loc":{"start":{"line":164,"column":4},"end":{"line":166,"column":5}},"type":"if","locations":[{"start":{"line":164,"column":4},"end":{"line":166,"column":5}},{"start":{},"end":{}}]},"8":{"loc":{"start":{"line":201,"column":4},"end":{"line":201,"column":38}},"type":"if","locations":[{"start":{"line":201,"column":4},"end":{"line":201,"column":38}},{"start":{},"end":{}}]}},"s":{"0":1,"1":1,"2":1,"3":16,"4":16,"5":16,"6":16,"7":0,"8":0,"9":16,"10":16,"11":16,"12":16,"13":16,"14":16,"15":16,"16":16,"17":16,"18":0,"19":55,"20":55,"21":55,"22":55,"23":0,"24":55,"25":21,"26":20,"27":20,"28":20,"29":20,"30":2,"31":102,"32":2,"33":10,"34":4,"35":6,"36":6,"37":109,"38":109,"39":566,"40":109,"41":4,"42":4,"43":1,"44":4,"45":4,"46":2,"47":2,"48":2,"49":0,"50":0,"51":0,"52":2,"53":2,"54":2,"55":2,"56":2,"57":1,"58":1,"59":2,"60":2,"61":0,"62":2,"63":16,"64":16,"65":1},"f":{"0":16,"1":16,"2":16,"3":16,"4":16,"5":55,"6":21,"7":2,"8":10,"9":109,"10":566,"11":4,"12":2,"13":0,"14":2,"15":2,"16":1,"17":2,"18":16},"b":{"0":[0,16],"1":[0,16],"2":[16,16],"3":[0,55],"4":[1,20],"5":[0,21],"6":[4,6],"7":[1,3],"8":[0,2]}}
,"/home/martin/coding_projects/PersonaHub/src/storage/files.ts": {"path":"/home/martin/coding_projects/PersonaHub/src/storage/files.ts","statementMap":{"0":{"start":{"line":8,"column":0},"end":{"line":8,"column":16}},"1":{"start":{"line":49,"column":0},"end":{"line":49,"column":16}},"2":{"start":{"line":54,"column":0},"end":{"line":54,"column":16}},"3":{"start":{"line":62,"column":0},"end":{"line":62,"column":16}},"4":{"start":{"line":76,"column":0},"end":{"line":76,"column":16}},"5":{"start":{"line":87,"column":0},"end":{"line":87,"column":16}},"6":{"start":{"line":1,"column":0},"end":{"line":1,"column":25}},"7":{"start":{"line":2,"column":0},"end":{"line":2,"column":29}},"8":{"start":{"line":3,"column":0},"end":{"line":3,"column":33}},"9":{"start":{"line":4,"column":0},"end":{"line":4,"column":32}},"10":{"start":{"line":9,"column":31},"end":{"line":9,"column":33}},"11":{"start":{"line":10,"column":15},"end":{"line":10,"column":32}},"12":{"start":{"line":12,"column":2},"end":{"line":41,"column":3}},"13":{"start":{"line":13,"column":20},"end":{"line":18,"column":6}},"14":{"start":{"line":20,"column":4},"end":{"line":40,"column":5}},"15":{"start":{"line":22,"column":6},"end":{"line":22,"column":36}},"16":{"start":{"line":22,"column":27},"end":{"line":22,"column":36}},"17":{"start":{"line":23,"column":6},"end":{"line":23,"column":22}},"18":{"start":{"line":25,"column":23},"end":{"line":25,"column":48}},"19":{"start":{"line":28,"column":6},"end":{"line":28,"column":45}},"20":{"start":{"line":28,"column":36},"end":{"line":28,"column":45}},"21":{"start":{"line":29,"column":19},"end":{"line":29,"column":40}},"22":{"start":{"line":30,"column":6},"end":{"line":30,"column":39}},"23":{"start":{"line":30,"column":30},"end":{"line":30,"column":39}},"24":{"start":{"line":32,"column":19},"end":{"line":32,"column":37}},"25":{"start":{"line":34,"column":6},"end":{"line":39,"column":9}},"26":{"start":{"line":44,"column":2},"end":{"line":44,"column":69}},"27":{"start":{"line":44,"column":23},"end":{"line":44,"column":67}},"28":{"start":{"line":46,"column":2},"end":{"line":46,"column":15}},"29":{"start":{"line":50,"column":18},"end":{"line":50,"column":43}},"30":{"start":{"line":51,"column":2},"end":{"line":51,"column":80}},"31":{"start":{"line":55,"column":2},"end":{"line":55,"column":80}},"32":{"start":{"line":63,"column":23},"end":{"line":63,"column":45}},"33":{"start":{"line":64,"column":23},"end":{"line":64,"column":59}},"34":{"start":{"line":66,"column":2},"end":{"line":68,"column":3}},"35":{"start":{"line":67,"column":4},"end":{"line":67,"column":92}},"36":{"start":{"line":70,"column":2},"end":{"line":70,"column":22}},"37":{"start":{"line":77,"column":18},"end":{"line":77,"column":36}},"38":{"start":{"line":78,"column":2},"end":{"line":80,"column":3}},"39":{"start":{"line":79,"column":4},"end":{"line":79,"column":47}},"40":{"start":{"line":81,"column":2},"end":{"line":81,"column":29}},"41":{"start":{"line":88,"column":17},"end":{"line":88,"column":34}},"42":{"start":{"line":89,"column":13},"end":{"line":89,"column":39}},"43":{"start":{"line":90,"column":20},"end":{"line":90,"column":54}},"44":{"start":{"line":91,"column":2},"end":{"line":91,"column":19}},"45":{"start":{"line":94,"column":2},"end":{"line":98,"column":3}},"46":{"start":{"line":94,"column":15},"end":{"line":94,"column":16}},"47":{"start":{"line":95,"column":4},"end":{"line":97,"column":5}},"48":{"start":{"line":96,"column":6},"end":{"line":96,"column":18}},"49":{"start":{"line":99,"column":2},"end":{"line":99,"column":15}}},"fnMap":{"0":{"name":"getTrackedFiles","decl":{"start":{"line":8,"column":16},"end":{"line":8,"column":31}},"loc":{"start":{"line":8,"column":63},"end":{"line":47,"column":1}}},"1":{"name":"(anonymous_10)","decl":{"start":{"line":44,"column":13},"end":{"line":44,"column":14}},"loc":{"start":{"line":44,"column":23},"end":{"line":44,"column":67}}},"2":{"name":"hashFile","decl":{"start":{"line":49,"column":16},"end":{"line":49,"column":24}},"loc":{"start":{"line":49,"column":41},"end":{"line":52,"column":1}}},"3":{"name":"hashContent","decl":{"start":{"line":54,"column":16},"end":{"line":54,"column":27}},"loc":{"start":{"line":54,"column":52},"end":{"line":56,"column":1}}},"4":{"name":"validatePath","decl":{"start":{"line":62,"column":16},"end":{"line":62,"column":28}},"loc":{"start":{"line":62,"column":67},"end":{"line":71,"column":1}}},"5":{"name":"copyFileSafe","decl":{"start":{"line":76,"column":16},"end":{"line":76,"column":28}},"loc":{"start":{"line":76,"column":54},"end":{"line":82,"column":1}}},"6":{"name":"isBinaryFile","decl":{"start":{"line":87,"column":16},"end":{"line":87,"column":28}},"loc":{"start":{"line":87,"column":45},"end":{"line":100,"column":1}}}},"branchMap":{"0":{"loc":{"start":{"line":22,"column":6},"end":{"line":22,"column":36}},"type":"if","locations":[{"start":{"line":22,"column":6},"end":{"line":22,"column":36}},{"start":{},"end":{}}]},"1":{"loc":{"start":{"line":28,"column":6},"end":{"line":28,"column":45}},"type":"if","locations":[{"start":{"line":28,"column":6},"end":{"line":28,"column":45}},{"start":{},"end":{}}]},"2":{"loc":{"start":{"line":30,"column":6},"end":{"line":30,"column":39}},"type":"if","locations":[{"start":{"line":30,"column":6},"end":{"line":30,"column":39}},{"start":{},"end":{}}]},"3":{"loc":{"start":{"line":66,"column":2},"end":{"line":68,"column":3}},"type":"if","locations":[{"start":{"line":66,"column":2},"end":{"line":68,"column":3}},{"start":{},"end":{}}]},"4":{"loc":{"start":{"line":66,"column":6},"end":{"line":66,"column":88}},"type":"binary-expr","locations":[{"start":{"line":66,"column":6},"end":{"line":66,"column":55}},{"start":{"line":66,"column":59},"end":{"line":66,"column":88}}]},"5":{"loc":{"start":{"line":78,"column":2},"end":{"line":80,"column":3}},"type":"if","locations":[{"start":{"line":78,"column":2},"end":{"line":80,"column":3}},{"start":{},"end":{}}]},"6":{"loc":{"start":{"line":95,"column":4},"end":{"line":97,"column":5}},"type":"if","locations":[{"start":{"line":95,"column":4},"end":{"line":97,"column":5}},{"start":{},"end":{}}]}},"s":{"0":1,"1":1,"2":1,"3":1,"4":1,"5":1,"6":1,"7":1,"8":1,"9":1,"10":8,"11":8,"12":8,"13":40,"14":40,"15":11,"16":0,"17":11,"18":11,"19":11,"20":0,"21":11,"22":11,"23":0,"24":11,"25":11,"26":8,"27":4,"28":8,"29":17,"30":17,"31":3,"32":5,"33":5,"34":5,"35":3,"36":2,"37":2,"38":2,"39":1,"40":2,"41":2,"42":2,"43":2,"44":2,"45":2,"46":2,"47":15,"48":1,"49":1},"f":{"0":8,"1":4,"2":17,"3":3,"4":5,"5":2,"6":2},"b":{"0":[0,11],"1":[0,11],"2":[0,11],"3":[3,2],"4":[5,3],"5":[1,1],"6":[1,14]}}
}
