TN:
SF:src/core/config.ts
FN:29,loadConfig
FN:48,saveConfig
FN:56,validateConfig
FN:74,(anonymous_12)
FN:79,getConfigPath
FNF:5
FNH:5
FNDA:3,loadConfig
FNDA:4,saveConfig
FNDA:7,validateConfig
FNDA:2,(anonymous_12)
FNDA:1,getConfigPath
DA:1,2
DA:2,2
DA:11,2
DA:29,2
DA:30,3
DA:31,1
DA:34,2
DA:36,2
DA:37,2
DA:38,1
DA:39,1
DA:41,1
DA:42,1
DA:44,0
DA:48,2
DA:49,4
DA:50,4
DA:51,1
DA:53,4
DA:56,2
DA:57,7
DA:58,1
DA:61,6
DA:62,1
DA:65,5
DA:66,1
DA:69,4
DA:70,1
DA:74,3
DA:75,1
DA:79,2
DA:80,1
LF:32
LH:31
BRDA:30,0,0,1
BRDA:30,0,1,2
BRDA:41,1,0,1
BRDA:41,1,1,0
BRDA:50,2,0,1
BRDA:50,2,1,3
BRDA:57,3,0,1
BRDA:57,3,1,6
BRDA:61,4,0,1
BRDA:61,4,1,5
BRDA:65,5,0,1
BRDA:65,5,1,4
BRDA:69,6,0,1
BRDA:69,6,1,3
BRDA:74,7,0,1
BRDA:74,7,1,2
BRF:16
BRH:15
end_of_record
TN:
SF:src/storage/database.ts
FN:44,(anonymous_10)
FN:49,(anonymous_11)
FN:64,(anonymous_12)
FN:68,(anonymous_13)
FN:104,(anonymous_14)
FN:111,(anonymous_15)
FN:121,(anonymous_16)
FN:140,(anonymous_17)
FN:150,(anonymous_18)
FN:153,(anonymous_19)
FN:155,(anonymous_20)
FN:162,(anonymous_21)
FN:171,(anonymous_22)
FN:177,(anonymous_23)
FN:183,(anonymous_24)
FN:188,(anonymous_25)
FN:194,(anonymous_26)
FN:199,(anonymous_27)
FN:205,(anonymous_28)
FNF:19
FNH:18
FNDA:16,(anonymous_10)
FNDA:16,(anonymous_11)
FNDA:16,(anonymous_12)
FNDA:16,(anonymous_13)
FNDA:16,(anonymous_14)
FNDA:55,(anonymous_15)
FNDA:21,(anonymous_16)
FNDA:2,(anonymous_17)
FNDA:10,(anonymous_18)
FNDA:109,(anonymous_19)
FNDA:566,(anonymous_20)
FNDA:4,(anonymous_21)
FNDA:2,(anonymous_22)
FNDA:0,(anonymous_23)
FNDA:2,(anonymous_24)
FNDA:2,(anonymous_25)
FNDA:1,(anonymous_26)
FNDA:2,(anonymous_27)
FNDA:16,(anonymous_28)
DA:1,1
DA:2,1
DA:3,1
DA:39,1
DA:45,16
DA:46,16
DA:50,16
DA:53,16
DA:54,0
DA:55,0
DA:57,16
DA:60,16
DA:61,16
DA:65,16
DA:69,16
DA:100,16
DA:101,16
DA:105,16
DA:106,16
DA:107,0
DA:112,55
DA:113,55
DA:114,55
DA:115,55
DA:116,0
DA:118,55
DA:122,21
DA:134,20
DA:135,20
DA:136,20
DA:137,20
DA:141,2
DA:142,102
DA:147,2
DA:151,10
DA:152,6
DA:153,6
DA:154,109
DA:155,109
DA:156,566
DA:158,109
DA:163,4
DA:164,4
DA:165,1
DA:167,4
DA:168,4
DA:172,2
DA:173,2
DA:174,2
DA:178,0
DA:179,0
DA:180,0
DA:184,2
DA:185,2
DA:189,2
DA:190,2
DA:191,2
DA:195,1
DA:196,1
DA:200,2
DA:201,2
DA:202,2
DA:206,16
DA:207,16
LF:64
LH:57
BRDA:53,0,0,0
BRDA:53,0,1,16
BRDA:106,1,0,0
BRDA:106,1,1,16
BRDA:106,2,0,16
BRDA:106,2,1,16
BRDA:115,3,0,0
BRDA:115,3,1,55
BRDA:130,4,0,1
BRDA:130,4,1,20
BRDA:131,5,0,0
BRDA:131,5,1,21
BRDA:151,6,0,4
BRDA:151,6,1,6
BRDA:164,7,0,1
BRDA:164,7,1,3
BRDA:201,8,0,0
BRDA:201,8,1,2
BRF:18
BRH:13
end_of_record
TN:
SF:src/storage/files.ts
FN:8,getTrackedFiles
FN:44,(anonymous_10)
FN:49,hashFile
FN:54,hashContent
FN:62,validatePath
FN:76,copyFileSafe
FN:87,isBinaryFile
FNF:7
FNH:7
FNDA:8,getTrackedFiles
FNDA:4,(anonymous_10)
FNDA:17,hashFile
FNDA:3,hashContent
FNDA:5,validatePath
FNDA:2,copyFileSafe
FNDA:2,isBinaryFile
DA:1,1
DA:2,1
DA:3,1
DA:4,1
DA:8,1
DA:9,8
DA:10,8
DA:12,8
DA:13,40
DA:20,40
DA:22,11
DA:23,11
DA:25,11
DA:28,11
DA:29,11
DA:30,11
DA:32,11
DA:34,11
DA:44,8
DA:46,8
DA:49,1
DA:50,17
DA:51,17
DA:54,1
DA:55,3
DA:62,1
DA:63,5
DA:64,5
DA:66,5
DA:67,3
DA:70,2
DA:76,1
DA:77,2
DA:78,2
DA:79,1
DA:81,2
DA:87,1
DA:88,2
DA:89,2
DA:90,2
DA:91,2
DA:94,2
DA:95,15
DA:96,1
DA:99,1
LF:45
LH:45
BRDA:22,0,0,0
BRDA:22,0,1,11
BRDA:28,1,0,0
BRDA:28,1,1,11
BRDA:30,2,0,0
BRDA:30,2,1,11
BRDA:66,3,0,3
BRDA:66,3,1,2
BRDA:66,4,0,5
BRDA:66,4,1,3
BRDA:78,5,0,1
BRDA:78,5,1,1
BRDA:95,6,0,1
BRDA:95,6,1,14
BRF:14
BRH:11
end_of_record
